<?xml version="1.0" encoding="UTF-8"?>
<testsuite xmlns:xsi="http://www.w3.org/2001/XMLSchema-instance" xsi:noNamespaceSchemaLocation="https://maven.apache.org/surefire/maven-surefire-plugin/xsd/surefire-test-report.xsd" name="MyTest" time="0.029" tests="24" errors="0" skipped="0" failures="0">
  <properties>
    <property name="java.specification.version" value="15"/>
    <property name="sun.cpu.isalist" value="amd64"/>
    <property name="sun.jnu.encoding" value="Cp1252"/>
    <property name="java.class.path" value="C:\Users\Abdul Shaqildi\Desktop\ashaqi2Project3\Server_Program\Server_Program\target\test-classes;C:\Users\Abdul Shaqildi\Desktop\ashaqi2Project3\Server_Program\Server_Program\target\classes;C:\Users\Abdul Shaqildi\.m2\repository\org\junit\jupiter\junit-jupiter\5.6.2\junit-jupiter-5.6.2.jar;C:\Users\Abdul Shaqildi\.m2\repository\org\junit\jupiter\junit-jupiter-api\5.6.2\junit-jupiter-api-5.6.2.jar;C:\Users\Abdul Shaqildi\.m2\repository\org\apiguardian\apiguardian-api\1.1.0\apiguardian-api-1.1.0.jar;C:\Users\Abdul Shaqildi\.m2\repository\org\opentest4j\opentest4j\1.2.0\opentest4j-1.2.0.jar;C:\Users\Abdul Shaqildi\.m2\repository\org\junit\platform\junit-platform-commons\1.6.2\junit-platform-commons-1.6.2.jar;C:\Users\Abdul Shaqildi\.m2\repository\org\junit\jupiter\junit-jupiter-params\5.6.2\junit-jupiter-params-5.6.2.jar;C:\Users\Abdul Shaqildi\.m2\repository\org\junit\jupiter\junit-jupiter-engine\5.6.2\junit-jupiter-engine-5.6.2.jar;C:\Users\Abdul Shaqildi\.m2\repository\org\junit\platform\junit-platform-engine\1.6.2\junit-platform-engine-1.6.2.jar;C:\Users\Abdul Shaqildi\.m2\repository\org\openjfx\javafx-controls\12.0.1\javafx-controls-12.0.1.jar;C:\Users\Abdul Shaqildi\.m2\repository\org\openjfx\javafx-controls\12.0.1\javafx-controls-12.0.1-win.jar;C:\Users\Abdul Shaqildi\.m2\repository\org\openjfx\javafx-graphics\12.0.1\javafx-graphics-12.0.1.jar;C:\Users\Abdul Shaqildi\.m2\repository\org\openjfx\javafx-graphics\12.0.1\javafx-graphics-12.0.1-win.jar;C:\Users\Abdul Shaqildi\.m2\repository\org\openjfx\javafx-base\12.0.1\javafx-base-12.0.1.jar;C:\Users\Abdul Shaqildi\.m2\repository\org\openjfx\javafx-base\12.0.1\javafx-base-12.0.1-win.jar;C:\Users\Abdul Shaqildi\.m2\repository\org\openjfx\javafx-fxml\12\javafx-fxml-12.jar;C:\Users\Abdul Shaqildi\.m2\repository\org\openjfx\javafx-fxml\12\javafx-fxml-12-win.jar;"/>
    <property name="java.vm.vendor" value="Oracle Corporation"/>
    <property name="sun.arch.data.model" value="64"/>
    <property name="user.variant" value=""/>
    <property name="java.vendor.url" value="https://java.oracle.com/"/>
    <property name="user.timezone" value="America/Chicago"/>
    <property name="os.name" value="Windows 10"/>
    <property name="java.vm.specification.version" value="15"/>
    <property name="sun.java.launcher" value="SUN_STANDARD"/>
    <property name="user.country" value="US"/>
    <property name="sun.boot.library.path" value="C:\Users\Abdul Shaqildi\.jdks\openjdk-15\bin"/>
    <property name="sun.java.command" value="C:\Users\ABDULS~1\AppData\Local\Temp\surefire17473915914980029410\surefirebooter11075206485913164521.jar C:\Users\Abdul Shaqildi\AppData\Local\Temp\surefire17473915914980029410 2021-12-06T08-59-17_741-jvmRun1 surefire17192037296110507216tmp surefire_017346208338083066508tmp"/>
    <property name="jdk.debug" value="release"/>
    <property name="surefire.test.class.path" value="C:\Users\Abdul Shaqildi\Desktop\ashaqi2Project3\Server_Program\Server_Program\target\test-classes;C:\Users\Abdul Shaqildi\Desktop\ashaqi2Project3\Server_Program\Server_Program\target\classes;C:\Users\Abdul Shaqildi\.m2\repository\org\junit\jupiter\junit-jupiter\5.6.2\junit-jupiter-5.6.2.jar;C:\Users\Abdul Shaqildi\.m2\repository\org\junit\jupiter\junit-jupiter-api\5.6.2\junit-jupiter-api-5.6.2.jar;C:\Users\Abdul Shaqildi\.m2\repository\org\apiguardian\apiguardian-api\1.1.0\apiguardian-api-1.1.0.jar;C:\Users\Abdul Shaqildi\.m2\repository\org\opentest4j\opentest4j\1.2.0\opentest4j-1.2.0.jar;C:\Users\Abdul Shaqildi\.m2\repository\org\junit\platform\junit-platform-commons\1.6.2\junit-platform-commons-1.6.2.jar;C:\Users\Abdul Shaqildi\.m2\repository\org\junit\jupiter\junit-jupiter-params\5.6.2\junit-jupiter-params-5.6.2.jar;C:\Users\Abdul Shaqildi\.m2\repository\org\junit\jupiter\junit-jupiter-engine\5.6.2\junit-jupiter-engine-5.6.2.jar;C:\Users\Abdul Shaqildi\.m2\repository\org\junit\platform\junit-platform-engine\1.6.2\junit-platform-engine-1.6.2.jar;C:\Users\Abdul Shaqildi\.m2\repository\org\openjfx\javafx-controls\12.0.1\javafx-controls-12.0.1.jar;C:\Users\Abdul Shaqildi\.m2\repository\org\openjfx\javafx-controls\12.0.1\javafx-controls-12.0.1-win.jar;C:\Users\Abdul Shaqildi\.m2\repository\org\openjfx\javafx-graphics\12.0.1\javafx-graphics-12.0.1.jar;C:\Users\Abdul Shaqildi\.m2\repository\org\openjfx\javafx-graphics\12.0.1\javafx-graphics-12.0.1-win.jar;C:\Users\Abdul Shaqildi\.m2\repository\org\openjfx\javafx-base\12.0.1\javafx-base-12.0.1.jar;C:\Users\Abdul Shaqildi\.m2\repository\org\openjfx\javafx-base\12.0.1\javafx-base-12.0.1-win.jar;C:\Users\Abdul Shaqildi\.m2\repository\org\openjfx\javafx-fxml\12\javafx-fxml-12.jar;C:\Users\Abdul Shaqildi\.m2\repository\org\openjfx\javafx-fxml\12\javafx-fxml-12-win.jar;"/>
    <property name="sun.cpu.endian" value="little"/>
    <property name="user.home" value="C:\Users\Abdul Shaqildi"/>
    <property name="user.language" value="en"/>
    <property name="java.specification.vendor" value="Oracle Corporation"/>
    <property name="java.version.date" value="2020-09-15"/>
    <property name="java.home" value="C:\Users\Abdul Shaqildi\.jdks\openjdk-15"/>
    <property name="file.separator" value="\"/>
    <property name="basedir" value="C:\Users\Abdul Shaqildi\Desktop\ashaqi2Project3\Server_Program\Server_Program"/>
    <property name="java.vm.compressedOopsMode" value="Zero based"/>
    <property name="line.separator" value="&#10;"/>
    <property name="java.vm.specification.vendor" value="Oracle Corporation"/>
    <property name="java.specification.name" value="Java Platform API Specification"/>
    <property name="surefire.real.class.path" value="C:\Users\ABDULS~1\AppData\Local\Temp\surefire17473915914980029410\surefirebooter11075206485913164521.jar"/>
    <property name="user.script" value=""/>
    <property name="sun.management.compiler" value="HotSpot 64-Bit Tiered Compilers"/>
    <property name="java.runtime.version" value="15+36-1562"/>
    <property name="user.name" value="Abdul Shaqildi"/>
    <property name="path.separator" value=";"/>
    <property name="os.version" value="10.0"/>
    <property name="java.runtime.name" value="OpenJDK Runtime Environment"/>
    <property name="file.encoding" value="Cp1252"/>
    <property name="java.vm.name" value="OpenJDK 64-Bit Server VM"/>
    <property name="localRepository" value="C:\Users\Abdul Shaqildi\.m2\repository"/>
    <property name="java.vendor.url.bug" value="https://bugreport.java.com/bugreport/"/>
    <property name="java.io.tmpdir" value="C:\Users\ABDULS~1\AppData\Local\Temp\"/>
    <property name="idea.version" value="2021.2.1"/>
    <property name="java.version" value="15"/>
    <property name="user.dir" value="C:\Users\Abdul Shaqildi\Desktop\ashaqi2Project3\Server_Program\Server_Program"/>
    <property name="os.arch" value="amd64"/>
    <property name="java.vm.specification.name" value="Java Virtual Machine Specification"/>
    <property name="sun.os.patch.level" value=""/>
    <property name="java.library.path" value="C:\Users\Abdul Shaqildi\.jdks\openjdk-15\bin;C:\WINDOWS\Sun\Java\bin;C:\WINDOWS\system32;C:\WINDOWS;C:\Python39\Scripts\;C:\Python39\;C:\WINDOWS\system32;C:\WINDOWS;C:\WINDOWS\System32\Wbem;C:\WINDOWS\System32\WindowsPowerShell\v1.0\;C:\WINDOWS\System32\OpenSSH\;c:\WINDOWS\System32\WBem;C:\Program Files\NVIDIA Corporation\NVIDIA NvDLISR;C:\Program Files (x86)\NVIDIA Corporation\PhysX\Common;C:\Program Files\nodejs\;C:\ProgramData\chocolatey\bin;C:\Program Files\dotnet\;C:\Program Files\Java\jdk-15\bin;X:\Java\apache-maven\apache-maven-3.8.2\bin;X:\Java\apache-maven\apache-maven-3.8.2\bin;C:\Python\Python38\Scripts\;C:\Python\Python38\;C:\Users\Abdul Shaqildi\AppData\Local\Microsoft\WindowsApps;X:\Microsoft VS Code\bin;C:\Users\Abdul Shaqildi\AppData\Roaming\npm;C:\Users\Abdul Shaqildi\.dotnet\tools;."/>
    <property name="java.vm.info" value="mixed mode, sharing"/>
    <property name="java.vendor" value="Oracle Corporation"/>
    <property name="java.vm.version" value="15+36-1562"/>
    <property name="sun.io.unicode.encoding" value="UnicodeLittle"/>
    <property name="java.class.version" value="59.0"/>
  </properties>
  <testcase name="generateDeckTest1" classname="MyTest" time="0.013"/>
  <testcase name="generateDeckTest2" classname="MyTest" time="0"/>
  <testcase name="whoWonTest1" classname="MyTest" time="0.001"/>
  <testcase name="whoWonTest2" classname="MyTest" time="0.001"/>
  <testcase name="handTotalTest1" classname="MyTest" time="0"/>
  <testcase name="handTotalTest2" classname="MyTest" time="0"/>
  <testcase name="shuffleDeckTest1" classname="MyTest" time="0.001"/>
  <testcase name="shuffleDeckTest2" classname="MyTest" time="0"/>
  <testcase name="BaccaratGameConstructorTest" classname="MyTest" time="0"/>
  <testcase name="dealHandTest1" classname="MyTest" time="0.001"/>
  <testcase name="dealHandTest2" classname="MyTest" time="0"/>
  <testcase name="BaccaratInfoConstructorTest" classname="MyTest" time="0.001"/>
  <testcase name="evaluatePlayerDrawTest1" classname="MyTest" time="0"/>
  <testcase name="evaluatePlayerDrawTest2" classname="MyTest" time="0"/>
  <testcase name="evaluateBankerDrawTest1" classname="MyTest" time="0"/>
  <testcase name="evaluateBankerDrawTest2" classname="MyTest" time="0"/>
  <testcase name="drawOneTest1" classname="MyTest" time="0.001"/>
  <testcase name="drawOneTest2" classname="MyTest" time="0"/>
  <testcase name="BaccaratDealerConstructorTest" classname="MyTest" time="0.001"/>
  <testcase name="evaluateWinningsTest1" classname="MyTest" time="0"/>
  <testcase name="evaluateWinningsTest2" classname="MyTest" time="0.001"/>
  <testcase name="BaccaratCardConstructorTest" classname="MyTest" time="0"/>
  <testcase name="deckSizeTest1" classname="MyTest" time="0.001"/>
  <testcase name="deckSizeTest2" classname="MyTest" time="0"/>
</testsuite>